<?xml version="1.0" encoding="UTF-8"?>
<testsuite xmlns:xsi="http://www.w3.org/2001/XMLSchema-instance" xsi:noNamespaceSchemaLocation="https://maven.apache.org/surefire/maven-surefire-plugin/xsd/surefire-test-report-3.0.xsd" version="3.0" name="com.sleekai.AppTest" time="0.106" tests="1" errors="0" skipped="0" failures="0">
  <properties>
    <property name="java.specification.version" value="24"/>
    <property name="sun.cpu.isalist" value="amd64"/>
    <property name="sun.jnu.encoding" value="Cp1252"/>
    <property name="java.class.path" value="D:\Chatbot\sleekai\target\test-classes;D:\Chatbot\sleekai\target\classes;D:\maven-repo\edu\stanford\nlp\stanford-corenlp\4.5.5\stanford-corenlp-4.5.5.jar;D:\maven-repo\com\apple\AppleJavaExtensions\1.4\AppleJavaExtensions-1.4.jar;D:\maven-repo\de\jollyday\jollyday\0.4.9\jollyday-0.4.9.jar;D:\maven-repo\org\apache\lucene\lucene-queryparser\7.5.0\lucene-queryparser-7.5.0.jar;D:\maven-repo\org\apache\lucene\lucene-queries\7.5.0\lucene-queries-7.5.0.jar;D:\maven-repo\org\apache\lucene\lucene-sandbox\7.5.0\lucene-sandbox-7.5.0.jar;D:\maven-repo\org\apache\lucene\lucene-analyzers-common\7.5.0\lucene-analyzers-common-7.5.0.jar;D:\maven-repo\org\apache\lucene\lucene-core\7.5.0\lucene-core-7.5.0.jar;D:\maven-repo\javax\servlet\javax.servlet-api\3.0.1\javax.servlet-api-3.0.1.jar;D:\maven-repo\xom\xom\1.3.9\xom-1.3.9.jar;D:\maven-repo\xerces\xercesImpl\2.12.2\xercesImpl-2.12.2.jar;D:\maven-repo\xml-apis\xml-apis\1.4.01\xml-apis-1.4.01.jar;D:\maven-repo\xalan\xalan\2.7.3\xalan-2.7.3.jar;D:\maven-repo\xalan\serializer\2.7.3\serializer-2.7.3.jar;D:\maven-repo\joda-time\joda-time\2.10.5\joda-time-2.10.5.jar;D:\maven-repo\org\ejml\ejml-core\0.39\ejml-core-0.39.jar;D:\maven-repo\com\google\code\findbugs\jsr305\3.0.2\jsr305-3.0.2.jar;D:\maven-repo\org\ejml\ejml-ddense\0.39\ejml-ddense-0.39.jar;D:\maven-repo\org\ejml\ejml-simple\0.39\ejml-simple-0.39.jar;D:\maven-repo\org\ejml\ejml-fdense\0.39\ejml-fdense-0.39.jar;D:\maven-repo\org\ejml\ejml-cdense\0.39\ejml-cdense-0.39.jar;D:\maven-repo\org\ejml\ejml-zdense\0.39\ejml-zdense-0.39.jar;D:\maven-repo\org\ejml\ejml-dsparse\0.39\ejml-dsparse-0.39.jar;D:\maven-repo\org\ejml\ejml-fsparse\0.39\ejml-fsparse-0.39.jar;D:\maven-repo\org\glassfish\javax.json\1.0.4\javax.json-1.0.4.jar;D:\maven-repo\org\slf4j\slf4j-api\1.7.12\slf4j-api-1.7.12.jar;D:\maven-repo\com\google\protobuf\protobuf-java\3.19.6\protobuf-java-3.19.6.jar;D:\maven-repo\javax\activation\javax.activation-api\1.2.0\javax.activation-api-1.2.0.jar;D:\maven-repo\javax\xml\bind\jaxb-api\2.4.0-b180830.0359\jaxb-api-2.4.0-b180830.0359.jar;D:\maven-repo\com\sun\istack\istack-commons-runtime\3.0.7\istack-commons-runtime-3.0.7.jar;D:\maven-repo\com\sun\xml\bind\jaxb-impl\2.4.0-b180830.0438\jaxb-impl-2.4.0-b180830.0438.jar;D:\maven-repo\com\googlecode\json-simple\json-simple\1.1.1\json-simple-1.1.1.jar;D:\maven-repo\junit\junit\4.10\junit-4.10.jar;D:\maven-repo\org\hamcrest\hamcrest-core\1.1\hamcrest-core-1.1.jar;D:\maven-repo\org\apache\commons\commons-lang3\3.14.0\commons-lang3-3.14.0.jar;D:\maven-repo\com\google\code\gson\gson\2.10.1\gson-2.10.1.jar;D:\maven-repo\com\squareup\okhttp3\okhttp\4.12.0\okhttp-4.12.0.jar;D:\maven-repo\com\squareup\okio\okio\3.6.0\okio-3.6.0.jar;D:\maven-repo\com\squareup\okio\okio-jvm\3.6.0\okio-jvm-3.6.0.jar;D:\maven-repo\org\jetbrains\kotlin\kotlin-stdlib-common\1.9.10\kotlin-stdlib-common-1.9.10.jar;D:\maven-repo\org\jetbrains\kotlin\kotlin-stdlib-jdk8\1.8.21\kotlin-stdlib-jdk8-1.8.21.jar;D:\maven-repo\org\jetbrains\kotlin\kotlin-stdlib\1.8.21\kotlin-stdlib-1.8.21.jar;D:\maven-repo\org\jetbrains\annotations\13.0\annotations-13.0.jar;D:\maven-repo\org\jetbrains\kotlin\kotlin-stdlib-jdk7\1.8.21\kotlin-stdlib-jdk7-1.8.21.jar;D:\maven-repo\com\fasterxml\jackson\core\jackson-databind\2.15.2\jackson-databind-2.15.2.jar;D:\maven-repo\com\fasterxml\jackson\core\jackson-annotations\2.15.2\jackson-annotations-2.15.2.jar;D:\maven-repo\com\fasterxml\jackson\core\jackson-core\2.15.2\jackson-core-2.15.2.jar;D:\maven-repo\org\slf4j\slf4j-simple\1.7.36\slf4j-simple-1.7.36.jar;D:\maven-repo\org\junit\jupiter\junit-jupiter-api\5.11.0\junit-jupiter-api-5.11.0.jar;D:\maven-repo\org\opentest4j\opentest4j\1.3.0\opentest4j-1.3.0.jar;D:\maven-repo\org\junit\platform\junit-platform-commons\1.11.0\junit-platform-commons-1.11.0.jar;D:\maven-repo\org\apiguardian\apiguardian-api\1.1.2\apiguardian-api-1.1.2.jar;D:\maven-repo\org\junit\jupiter\junit-jupiter-engine\5.11.0\junit-jupiter-engine-5.11.0.jar;D:\maven-repo\org\junit\platform\junit-platform-engine\1.11.0\junit-platform-engine-1.11.0.jar;D:\maven-repo\org\junit\jupiter\junit-jupiter-params\5.11.0\junit-jupiter-params-5.11.0.jar;"/>
    <property name="java.vm.vendor" value="Oracle Corporation"/>
    <property name="sun.arch.data.model" value="64"/>
    <property name="user.variant" value=""/>
    <property name="java.vendor.url" value="https://java.oracle.com/"/>
    <property name="user.timezone" value="Asia/Calcutta"/>
    <property name="os.name" value="Windows 11"/>
    <property name="java.vm.specification.version" value="24"/>
    <property name="sun.java.launcher" value="SUN_STANDARD"/>
    <property name="user.country" value="US"/>
    <property name="sun.boot.library.path" value="C:\Program Files\Java\jdk-24\bin"/>
    <property name="sun.java.command" value="C:\Users\VIKRAM\AppData\Local\Temp\surefire9082563025185431553\surefirebooter-20250710222751997_3.jar C:\Users\VIKRAM\AppData\Local\Temp\surefire9082563025185431553 2025-07-10T22-27-51_745-jvmRun1 surefire-20250710222751997_1tmp surefire_0-20250710222751997_2tmp"/>
    <property name="jdk.debug" value="release"/>
    <property name="surefire.test.class.path" value="D:\Chatbot\sleekai\target\test-classes;D:\Chatbot\sleekai\target\classes;D:\maven-repo\edu\stanford\nlp\stanford-corenlp\4.5.5\stanford-corenlp-4.5.5.jar;D:\maven-repo\com\apple\AppleJavaExtensions\1.4\AppleJavaExtensions-1.4.jar;D:\maven-repo\de\jollyday\jollyday\0.4.9\jollyday-0.4.9.jar;D:\maven-repo\org\apache\lucene\lucene-queryparser\7.5.0\lucene-queryparser-7.5.0.jar;D:\maven-repo\org\apache\lucene\lucene-queries\7.5.0\lucene-queries-7.5.0.jar;D:\maven-repo\org\apache\lucene\lucene-sandbox\7.5.0\lucene-sandbox-7.5.0.jar;D:\maven-repo\org\apache\lucene\lucene-analyzers-common\7.5.0\lucene-analyzers-common-7.5.0.jar;D:\maven-repo\org\apache\lucene\lucene-core\7.5.0\lucene-core-7.5.0.jar;D:\maven-repo\javax\servlet\javax.servlet-api\3.0.1\javax.servlet-api-3.0.1.jar;D:\maven-repo\xom\xom\1.3.9\xom-1.3.9.jar;D:\maven-repo\xerces\xercesImpl\2.12.2\xercesImpl-2.12.2.jar;D:\maven-repo\xml-apis\xml-apis\1.4.01\xml-apis-1.4.01.jar;D:\maven-repo\xalan\xalan\2.7.3\xalan-2.7.3.jar;D:\maven-repo\xalan\serializer\2.7.3\serializer-2.7.3.jar;D:\maven-repo\joda-time\joda-time\2.10.5\joda-time-2.10.5.jar;D:\maven-repo\org\ejml\ejml-core\0.39\ejml-core-0.39.jar;D:\maven-repo\com\google\code\findbugs\jsr305\3.0.2\jsr305-3.0.2.jar;D:\maven-repo\org\ejml\ejml-ddense\0.39\ejml-ddense-0.39.jar;D:\maven-repo\org\ejml\ejml-simple\0.39\ejml-simple-0.39.jar;D:\maven-repo\org\ejml\ejml-fdense\0.39\ejml-fdense-0.39.jar;D:\maven-repo\org\ejml\ejml-cdense\0.39\ejml-cdense-0.39.jar;D:\maven-repo\org\ejml\ejml-zdense\0.39\ejml-zdense-0.39.jar;D:\maven-repo\org\ejml\ejml-dsparse\0.39\ejml-dsparse-0.39.jar;D:\maven-repo\org\ejml\ejml-fsparse\0.39\ejml-fsparse-0.39.jar;D:\maven-repo\org\glassfish\javax.json\1.0.4\javax.json-1.0.4.jar;D:\maven-repo\org\slf4j\slf4j-api\1.7.12\slf4j-api-1.7.12.jar;D:\maven-repo\com\google\protobuf\protobuf-java\3.19.6\protobuf-java-3.19.6.jar;D:\maven-repo\javax\activation\javax.activation-api\1.2.0\javax.activation-api-1.2.0.jar;D:\maven-repo\javax\xml\bind\jaxb-api\2.4.0-b180830.0359\jaxb-api-2.4.0-b180830.0359.jar;D:\maven-repo\com\sun\istack\istack-commons-runtime\3.0.7\istack-commons-runtime-3.0.7.jar;D:\maven-repo\com\sun\xml\bind\jaxb-impl\2.4.0-b180830.0438\jaxb-impl-2.4.0-b180830.0438.jar;D:\maven-repo\com\googlecode\json-simple\json-simple\1.1.1\json-simple-1.1.1.jar;D:\maven-repo\junit\junit\4.10\junit-4.10.jar;D:\maven-repo\org\hamcrest\hamcrest-core\1.1\hamcrest-core-1.1.jar;D:\maven-repo\org\apache\commons\commons-lang3\3.14.0\commons-lang3-3.14.0.jar;D:\maven-repo\com\google\code\gson\gson\2.10.1\gson-2.10.1.jar;D:\maven-repo\com\squareup\okhttp3\okhttp\4.12.0\okhttp-4.12.0.jar;D:\maven-repo\com\squareup\okio\okio\3.6.0\okio-3.6.0.jar;D:\maven-repo\com\squareup\okio\okio-jvm\3.6.0\okio-jvm-3.6.0.jar;D:\maven-repo\org\jetbrains\kotlin\kotlin-stdlib-common\1.9.10\kotlin-stdlib-common-1.9.10.jar;D:\maven-repo\org\jetbrains\kotlin\kotlin-stdlib-jdk8\1.8.21\kotlin-stdlib-jdk8-1.8.21.jar;D:\maven-repo\org\jetbrains\kotlin\kotlin-stdlib\1.8.21\kotlin-stdlib-1.8.21.jar;D:\maven-repo\org\jetbrains\annotations\13.0\annotations-13.0.jar;D:\maven-repo\org\jetbrains\kotlin\kotlin-stdlib-jdk7\1.8.21\kotlin-stdlib-jdk7-1.8.21.jar;D:\maven-repo\com\fasterxml\jackson\core\jackson-databind\2.15.2\jackson-databind-2.15.2.jar;D:\maven-repo\com\fasterxml\jackson\core\jackson-annotations\2.15.2\jackson-annotations-2.15.2.jar;D:\maven-repo\com\fasterxml\jackson\core\jackson-core\2.15.2\jackson-core-2.15.2.jar;D:\maven-repo\org\slf4j\slf4j-simple\1.7.36\slf4j-simple-1.7.36.jar;D:\maven-repo\org\junit\jupiter\junit-jupiter-api\5.11.0\junit-jupiter-api-5.11.0.jar;D:\maven-repo\org\opentest4j\opentest4j\1.3.0\opentest4j-1.3.0.jar;D:\maven-repo\org\junit\platform\junit-platform-commons\1.11.0\junit-platform-commons-1.11.0.jar;D:\maven-repo\org\apiguardian\apiguardian-api\1.1.2\apiguardian-api-1.1.2.jar;D:\maven-repo\org\junit\jupiter\junit-jupiter-engine\5.11.0\junit-jupiter-engine-5.11.0.jar;D:\maven-repo\org\junit\platform\junit-platform-engine\1.11.0\junit-platform-engine-1.11.0.jar;D:\maven-repo\org\junit\jupiter\junit-jupiter-params\5.11.0\junit-jupiter-params-5.11.0.jar;"/>
    <property name="sun.cpu.endian" value="little"/>
    <property name="user.home" value="C:\Users\VIKRAM"/>
    <property name="user.language" value="en"/>
    <property name="java.specification.vendor" value="Oracle Corporation"/>
    <property name="java.version.date" value="2025-04-15"/>
    <property name="java.home" value="C:\Program Files\Java\jdk-24"/>
    <property name="file.separator" value="\"/>
    <property name="basedir" value="D:\Chatbot\sleekai"/>
    <property name="java.vm.compressedOopsMode" value="Zero based"/>
    <property name="line.separator" value="&#10;"/>
    <property name="java.vm.specification.vendor" value="Oracle Corporation"/>
    <property name="java.specification.name" value="Java Platform API Specification"/>
    <property name="surefire.real.class.path" value="C:\Users\VIKRAM\AppData\Local\Temp\surefire9082563025185431553\surefirebooter-20250710222751997_3.jar"/>
    <property name="user.script" value=""/>
    <property name="sun.management.compiler" value="HotSpot 64-Bit Tiered Compilers"/>
    <property name="java.runtime.version" value="24.0.1+9-30"/>
    <property name="user.name" value="VIKRAM"/>
    <property name="stdout.encoding" value="Cp1252"/>
    <property name="path.separator" value=";"/>
    <property name="os.version" value="10.0"/>
    <property name="java.runtime.name" value="Java(TM) SE Runtime Environment"/>
    <property name="file.encoding" value="UTF-8"/>
    <property name="java.vm.name" value="Java HotSpot(TM) 64-Bit Server VM"/>
    <property name="localRepository" value="D:\maven-repo"/>
    <property name="java.vendor.url.bug" value="https://bugreport.java.com/bugreport/"/>
    <property name="java.io.tmpdir" value="C:\Users\VIKRAM\AppData\Local\Temp\"/>
    <property name="java.version" value="24.0.1"/>
    <property name="user.dir" value="D:\Chatbot\sleekai"/>
    <property name="os.arch" value="amd64"/>
    <property name="java.vm.specification.name" value="Java Virtual Machine Specification"/>
    <property name="sun.os.patch.level" value=""/>
    <property name="native.encoding" value="Cp1252"/>
    <property name="java.library.path" value="C:\Program Files\Java\jdk-24\bin;C:\WINDOWS\Sun\Java\bin;C:\WINDOWS\system32;C:\WINDOWS;c:\Users\VIKRAM\AppData\Local\Programs\cursor\resources\app\bin;C:\Users\VIKRAM\Desktop\GENFIN(Flutter)\flutter\bin;C:\Program Files\Common Files\Oracle\Java\javapath;C:\MinGW\bin;C:\Users\VIKRAM\Desktop\SIH\weather_app\myproject;C:\Program Files\nodejs\;C:\WINDOWS\system32;C:\WINDOWS;C:\WINDOWS\System32\Wbem;C:\WINDOWS\System32\WindowsPowerShell\v1.0\;C:\WINDOWS\System32\OpenSSH\;C:\Program Files\Git\cmd;C:\Users\VIKRAM\Downloads\mongosh-2.3.9-win32-x64\mongosh-2.3.9-win32-x64\bin;C:\Users\VIKRAM\Desktop\GENFIN(Flutter)\flutter\bin;C:\Program Files\MySQL\MySQL Shell 8.0\bin\;D:\PythonProjects\Python\Scripts\;D:\PythonProjects\Python\;C:\Users\VIKRAM\AppData\Local\Microsoft\WindowsApps;D:\Java\IntelliJ IDEA Community Edition 2023.1\bin;D:\DATABASE\bin;D:\DATABASE\SHELL\mongosh-2.2.15-win32-x64\mongosh-2.2.15-win32-x64\bin;C:\Users\VIKRAM\AppData\Roaming\npm;C:\Users\VIKRAM\Downloads\Java\IntelliJ IDEA 2024.3.1.1\bin;C:\Users\VIKRAM\AppData\Local\Programs\mongosh\;c:\Users\VIKRAM\AppData\Local\Programs\curso;C:\Users\VIKRAM\Downloads\apache-maven-3.9.9-bin\apache-maven-3.9.9\bin;C:\ProgramData\chocolatey\bin;C:\Users\VIKRAM\Downloads\ngrok-v3-stable-windows-amd64;D:\HotelReservationSystem-main\NEEDY\glassfish-7.0.25\glassfish7\bin;D:\HotelReservationSystem-main\NEEDY\glassfish-7.0.25\glassfish7;D:\HotelReservationSystem-main\NEEDY\glassfish-7.0.25\glassfish7\glassfish\bin;C:\Program Files\Java\jdk-24;C:\Program Files\Java\jdk-24\bin;C:\glassfish-7.0.25\glassfish7\glassfish\bin;C:\glassfish-7.0.25\glassfish7\bin;D:\Maven\apache-maven-3.9.10-bin\apache-maven-3.9.10;D:\Maven\apache-maven-3.9.10-bin\apache-maven-3.9.10\bin;C:\Users\VIKRAM\AppData\Local\Programs\Ollama;C:\Users\VIKRAM\AppData\Local\Programs\Ollama\lib;C:\Users\VIKRAM\Desktop\GENFIN(Flutter)\flutter\bin;C:\Program Files\MySQL\MySQL Shell 8.0\bin\;D:\PythonProjects\Python\Scripts\;D:\PythonProjects\Python\;C:\Users\VIKRAM\AppData\Local\Microsoft\WindowsApps;D:\Java\IntelliJ IDEA Community Edition 2023.1\bin;D:\Java\IntelliJ IDEA Community Edition 2023.1\Projects\Groovy\src\Groovy;C:\Users\VIKRAM\Downloads\apache-groovy-sdk-4.0.26\groovy-4.0.26\bin;;D:\DATABASE\bin;D:\DATABASE\SHELL\mongosh-2.2.15-win32-x64\mongosh-2.2.15-win32-x64\bin;C:\Users\VIKRAM\AppData\Roaming\npm;C:\Users\VIKRAM\Downloads\Java\IntelliJ IDEA 2024.3.1.1\bin;D:\Java\IntelliJ IDEA Community Edition 2023.1\Projects\Groovy\src\Groovy;C:\Users\VIKRAM\Downloads\apache-groovy-sdk-4.0.26\groovy-4.0.26\bin;;C:\Users\VIKRAM\AppData\Local\Programs\Microsoft VS Code\bin;C:\Users\VIKRAM\AppData\Local\Programs\mongosh\;C:\Users\VIKRAM\Downloads\apache-maven-3.9.9-bin\apache-maven-3.9.9\bin;C:\Users\VIKRAM\Downloads\ngrok-v3-stable-windows-amd64;C:\glassfish-7.0.25\glassfish7\bin;C:\Program Files\Java\jdk-24;C:\Program Files\Java\jdk-24\bin;C:\glassfish-7.0.25\glassfish7\glassfish\bin;C:\glassfish-7.0.25\glassfish7\glassfish\modules;C:\glassfish-7.0.25\glassfish7\glassfish;D:\cursor\resources\app\bin;D:\Maven\apache-maven-3.9.10-bin\apache-maven-3.9.10;D:\Maven\apache-maven-3.9.10-bin\apache-maven-3.9.10\bin;C:\Users\VIKRAM\AppData\Local\Programs\Ollama;C:\Users\VIKRAM\AppData\Local\Programs\Ollama\lib;C:\Users\VIKRAM\AppData\Local\Programs\Ollama;;."/>
    <property name="java.vm.info" value="mixed mode, sharing"/>
    <property name="stderr.encoding" value="Cp1252"/>
    <property name="java.vendor" value="Oracle Corporation"/>
    <property name="java.vm.version" value="24.0.1+9-30"/>
    <property name="sun.io.unicode.encoding" value="UnicodeLittle"/>
    <property name="java.class.version" value="68.0"/>
  </properties>
  <testcase name="shouldAnswerWithTrue" classname="com.sleekai.AppTest" time="0.053"/>
</testsuite>